happymod/artifacts/pcaps_raw/firefox_export_20250816_005239.pcap: OK
happymod/artifacts/pcaps_raw/PCAPdroid_01_Jul_21_16_16.pcap: OK
happymod/artifacts/pcaps_raw/PCAPdroid_01_Jun_18_07_05.pcap: OK
happymod/artifacts/pcaps_raw/PCAPdroid_02_Oct_06_21_17.pcapng: OK
happymod/artifacts/pcaps_raw/PCAPdroid_09_Sep_03_54_09.pcapng.zst: OK
happymod/artifacts/pcaps_raw/PCAPdroid_10_Sep_06_58_45.pcapng: OK
happymod/artifacts/pcaps_raw/PCAPdroid_10_Sep_14_36_47.pcapng: OK
happymod/artifacts/pcaps_raw/PCAPdroid_12_Sep_20_13_23.pcapng: OK
happymod/artifacts/pcaps_raw/PCAPdroid_13_Sep_21_06_24.pcapng: OK
happymod/artifacts/pcaps_raw/PCAPdroid_14_Sep_08_34_56.pcapng: OK
happymod/artifacts/pcaps_raw/PCAPdroid_14_Sep_09_00_27.pcapng.zst: OK
happymod/artifacts/pcaps_raw/PCAPdroid_17_Sep_03_54_23.pcapng.zst: OK
happymod/artifacts/pcaps_raw/PCAPdroid_19_Sep_03_54_34.pcapng.zst: OK
happymod/artifacts/pcaps_raw/PCAPdroid_19_Sep_10_00_23.pcapng: OK
happymod/artifacts/pcaps_raw/PCAPdroid_21_Jun_21_25_41.pcap: OK
happymod/artifacts/pcaps_raw/PCAPdroid_21_Jun_21_28_03.pcap: OK
happymod/artifacts/pcaps_raw/udp_export_20250815_174048.pcap: OK
happymod/artifacts/pcaps_raw/udp_export_20250815_221609.pcap: OK
happymod/artifacts/pcaps_raw/udp_export_20250815_232536.pcap: OK
happymod/artifacts/pcaps_raw/udp_export_20250815_233319.pcap: OK
happymod/artifacts/pcaps_raw/udp_export_20250815_235306.pcap: OK
happymod/artifacts/pcaps_raw/udp_export_20250816_035449.pcap: OK
happymod/artifacts/pcaps_raw/udp_export_20250816_035601.pcap: OK
happymod/artifacts/pcaps_raw/udp_export_20250816_035640.pcap: OK
happymod/artifacts/pcaps_raw/udp_export_20250816_035754.pcap: OK
happymod/artifacts/pcaps_raw/udp_export_20250816_035825.pcap: OK
happymod/artifacts/pcaps_raw/udp_export_20250816_035918.pcap: OK
happymod/artifacts/pcaps_staged/PCAPdroid_17_Sep_03_54_23.staged.pcapng: OK
happymod/artifacts/pcaps_staged/PCAPdroid_21_Jun_21_25_41.staged.pcapng: OK
happymod/artifacts/pcaps_staged/PCAPdroid_22_Oct_19_24_52.staged.pcapng: OK
happymod/artifacts/pcaps_staged/firefox_export_20250816_005239.staged.pcapng: OK
happymod/artifacts/pcaps_staged/PCAPdroid_01_Jul_21_16_16.staged.pcapng: OK
happymod/artifacts/pcaps_staged/PCAPdroid_01_Jun_18_07_05.staged.pcapng: OK
happymod/artifacts/pcaps_staged/PCAPdroid_02_Oct_06_21_17.staged.pcapng: OK
happymod/artifacts/pcaps_staged/PCAPdroid_09_Sep_03_54_09.pcapng.staged.pcapng: OK
happymod/artifacts/pcaps_staged/PCAPdroid_10_Sep_06_58_45.staged.pcapng: OK
happymod/artifacts/pcaps_staged/PCAPdroid_10_Sep_14_36_47.staged.pcapng: OK
happymod/artifacts/pcaps_staged/PCAPdroid_12_Sep_20_13_23.staged.pcapng: OK
happymod/artifacts/pcaps_staged/PCAPdroid_13_Sep_21_06_24.staged.pcapng: OK
happymod/artifacts/pcaps_staged/PCAPdroid_14_Sep_08_34_56.staged.pcapng: OK
happymod/artifacts/pcaps_staged/PCAPdroid_14_Sep_09_00_27.pcapng.staged.pcapng: OK
happymod/artifacts/pcaps_staged/PCAPdroid_17_Sep_03_54_23.pcapng.staged.pcapng: OK
happymod/artifacts/pcaps_staged/PCAPdroid_19_Sep_03_54_34.pcapng.staged.pcapng: OK
happymod/artifacts/pcaps_staged/PCAPdroid_19_Sep_10_00_23.staged.pcapng: OK
happymod/artifacts/pcaps_staged/PCAPdroid_21_Jun_21_28_03.staged.pcapng: OK
happymod/artifacts/pcaps_staged/udp_export_20250815_174048.staged.pcapng: OK
happymod/artifacts/pcaps_staged/udp_export_20250815_221609.staged.pcapng: OK
happymod/artifacts/pcaps_staged/udp_export_20250815_232536.staged.pcapng: OK
happymod/artifacts/pcaps_staged/udp_export_20250815_233319.staged.pcapng: OK
happymod/artifacts/pcaps_staged/udp_export_20250815_235306.staged.pcapng: OK
happymod/artifacts/pcaps_staged/udp_export_20250816_035449.staged.pcapng: OK
happymod/artifacts/pcaps_staged/udp_export_20250816_035601.staged.pcapng: OK
happymod/artifacts/pcaps_staged/udp_export_20250816_035640.staged.pcapng: OK
happymod/artifacts/pcaps_staged/udp_export_20250816_035754.staged.pcapng: OK
happymod/artifacts/pcaps_staged/udp_export_20250816_035825.staged.pcapng: OK
happymod/artifacts/pcaps_staged/udp_export_20250816_035918.staged.pcapng: OK
